<?xml version="1.0" encoding="UTF-8"?>
<testsuite xmlns:xsi="http://www.w3.org/2001/XMLSchema-instance" xsi:noNamespaceSchemaLocation="https://maven.apache.org/surefire/maven-surefire-plugin/xsd/surefire-test-report.xsd" version="3.0.2" name="schemacrawler.test.ExampleTest" time="1.656" tests="3" errors="0" skipped="0" failures="0">
  <properties>
[...]
</properties>
  <testcase name="resultSetExample(CapturedSystemStreams)" classname="schemacrawler.test.ExampleTest" time="1.345"/>
  <testcase name="apiExample(CapturedSystemStreams)" classname="schemacrawler.test.ExampleTest" time="0.169"/>
  <testcase name="executableExample(CapturedSystemStreams)" classname="schemacrawler.test.ExampleTest" time="0.111"/>
</testsuite>